Node list                    : node060
Number of nodes allocated    : 1 or 1
Number of threads or processes          : 
Number of processes per node : 4
Requested tasks per node     : 
Requested CPUs per task      : 10
Scheduling priority          : 0
compiling openmp-aerosol.c to openmp-aerosol.exe
Using 10 OpenMP threads
Initializing for 20000 particles in x,y,z space...Time 0. System energy=721112
Now to integrate for 50 timesteps
At end of timestep 40 with temp 299.883022 the system energy=731635 and total aerosol mass=28732.6
At end of timestep 41 with temp 299.880023 the system energy=731819 and total aerosol mass=28931.3
At end of timestep 42 with temp 299.877025 the system energy=731984 and total aerosol mass=29125.1
At end of timestep 43 with temp 299.874026 the system energy=732130 and total aerosol mass=29314.3
At end of timestep 44 with temp 299.871027 the system energy=732259 and total aerosol mass=29499
At end of timestep 45 with temp 299.868028 the system energy=732372 and total aerosol mass=29679.2
At end of timestep 46 with temp 299.865030 the system energy=732470 and total aerosol mass=29855.2
At end of timestep 47 with temp 299.862031 the system energy=732553 and total aerosol mass=30027
At end of timestep 48 with temp 299.859032 the system energy=732622 and total aerosol mass=30194.9
At end of timestep 49 with temp 299.856034 the system energy=732678 and total aerosol mass=30358.7
At end of timestep 50 with temp 299.853035 the system energy=732722 and total aerosol mass=30518.8
Time to init+solve 20000 molecules for 50 timesteps is 78.2655 seconds
Centre of mass = (-0.018349,1.59068,51.0959)

